[uWSGI] getting INI configuration from payment.ini
*** Starting uWSGI 2.0.19.1 (64bit) on [Sat Apr  1 22:06:54 2023] ***
compiled with version: 10.2.1 20210110 on 31 August 2021 11:28:26
os: Linux-5.15.0-1031-aws #35-Ubuntu SMP Fri Feb 10 02:07:18 UTC 2023
nodename: payment-756c8bc778-xlc7w
machine: x86_64
clock source: unix
pcre jit disabled
detected number of CPU cores: 8
current working directory: /app
detected binary path: /usr/local/bin/uwsgi
uWSGI running as root, you can use --uid/--gid/--chroot options
setgid() to 1
setuid() to 1
your processes number limit is 126941
your memory page size is 4096 bytes
detected max file descriptor number: 65536
lock engine: pthread robust mutexes
thunder lock: disabled (you can enable it with --thunder-lock)
uwsgi socket 0 bound to TCP address 0.0.0.0:8080 fd 3
Python version: 3.9.6 (default, Aug 17 2021, 15:37:33)  [GCC 10.2.1 20210110]
Python main interpreter initialized at 0x55609f1af040
python threads support enabled
your server socket listen backlog is limited to 100 connections
your mercy for graceful operations on workers is 60 seconds
mapped 145840 bytes (142 KB) for 1 cores
*** Operational MODE: single process ***
*** uWSGI is running in multiple interpreter mode ***
spawned uWSGI master process (pid: 1)
spawned uWSGI worker 1 (pid: 8, cores: 1)
WSGI app 0 (mountpoint='') ready in 6 seconds on interpreter 0x55609f1af040 pid: 8 (default app)
failed to create fsnotify watcher: too many open files